<?xml version="1.0" encoding="UTF-8"?>
<!-- Generated by org.testng.reporters.JUnitReportReporter -->
<testsuite hostname="Legion-5i" failures="0" tests="1" name="NewTestNG" time="0.008" errors="0" timestamp="2021-08-28T12:42:42 IST" skipped="0">
  <testcase classname="NewTestNG" name="f" time="0.008"/>
  <system-out/>
</testsuite> <!-- NewTestNG -->
